<?xml version="1.0" encoding="UTF-8"?>
<!-- Generated by org.testng.reporters.JUnitXMLReporter -->
<testsuite ignored="6" hostname="DESKTOP-7UUT0JG" failures="0" tests="4" name="chrome" time="90.128" errors="0" timestamp="2022-05-23T12:35:42 IST">
  <testcase classname="com.vtiger.campagnTest.CreateCampaignTest" name="createCampaignTest" time="32.013"/>
  <testcase classname="com.vitiger.contactsTest.CreateContactsTest" name="createContactTest" time="31.931"/>
  <testcase classname="com.vitiger.organizationTest.CreateOrganizationTest" name="createOrganizationTest" time="23.866"/>
  <testcase classname="com.vtiger.productsTest.CreateProductsTest" name="createProductTest" time="24.653"/>
  <testcase classname="com.sdet34L1.genericUtility.BaseTestNGClass" name="@BeforeSuite beforesuite1Test" time="0.0">
    <ignored/>
  </testcase> <!-- @BeforeSuite beforesuite1Test -->
  <testcase classname="com.sdet34L1.genericUtility.BaseTestNGClass" name="@BeforeSuite beforesuite1Test" time="0.0">
    <ignored/>
  </testcase> <!-- @BeforeSuite beforesuite1Test -->
  <testcase classname="com.sdet34L1.genericUtility.BaseTestNGClass" name="@BeforeSuite beforesuite1Test" time="0.0">
    <ignored/>
  </testcase> <!-- @BeforeSuite beforesuite1Test -->
  <testcase classname="com.sdet34L1.genericUtility.BaseTestNGClass" name="@AfterSuite aftersuite1Test" time="0.0">
    <ignored/>
  </testcase> <!-- @AfterSuite aftersuite1Test -->
  <testcase classname="com.sdet34L1.genericUtility.BaseTestNGClass" name="@AfterSuite aftersuite1Test" time="0.0">
    <ignored/>
  </testcase> <!-- @AfterSuite aftersuite1Test -->
  <testcase classname="com.sdet34L1.genericUtility.BaseTestNGClass" name="@AfterSuite aftersuite1Test" time="0.0">
    <ignored/>
  </testcase> <!-- @AfterSuite aftersuite1Test -->
</testsuite> <!-- chrome -->
