<?xml version="1.0" encoding="UTF-8"?>
<!-- Generated by org.testng.reporters.JUnitXMLReporter -->
<testsuite ignored="6" hostname="DESKTOP-7UUT0JG" failures="0" tests="4" name="edge" time="97.501" errors="0" timestamp="2022-05-23T12:35:49 IST">
  <testcase classname="com.vtiger.campagnTest.CreateCampaignTest" name="createCampaignTest" time="18.675"/>
  <testcase classname="com.vitiger.contactsTest.CreateContactsTest" name="createContactTest" time="18.694"/>
  <testcase classname="com.vtiger.productsTest.CreateProductsTest" name="createProductTest" time="23.183"/>
  <testcase classname="com.vitiger.organizationTest.CreateOrganizationTest" name="createOrganizationTest" time="17.428"/>
  <testcase classname="com.sdet34L1.genericUtility.BaseTestNGClass" name="@BeforeSuite beforesuite1Test" time="0.0">
    <ignored/>
  </testcase> <!-- @BeforeSuite beforesuite1Test -->
  <testcase classname="com.sdet34L1.genericUtility.BaseTestNGClass" name="@BeforeSuite beforesuite1Test" time="0.0">
    <ignored/>
  </testcase> <!-- @BeforeSuite beforesuite1Test -->
  <testcase classname="com.sdet34L1.genericUtility.BaseTestNGClass" name="@BeforeSuite beforesuite1Test" time="0.0">
    <ignored/>
  </testcase> <!-- @BeforeSuite beforesuite1Test -->
  <testcase classname="com.sdet34L1.genericUtility.BaseTestNGClass" name="@AfterSuite aftersuite1Test" time="0.0">
    <ignored/>
  </testcase> <!-- @AfterSuite aftersuite1Test -->
  <testcase classname="com.sdet34L1.genericUtility.BaseTestNGClass" name="@AfterSuite aftersuite1Test" time="0.0">
    <ignored/>
  </testcase> <!-- @AfterSuite aftersuite1Test -->
  <testcase classname="com.sdet34L1.genericUtility.BaseTestNGClass" name="@AfterSuite aftersuite1Test" time="0.0">
    <ignored/>
  </testcase> <!-- @AfterSuite aftersuite1Test -->
</testsuite> <!-- edge -->
