<?xml version="1.0" encoding="UTF-8"?>
<!-- Generated by org.testng.reporters.JUnitXMLReporter -->
<testsuite ignored="1" hostname="DESKTOP-7UUT0JG" failures="0" tests="4" name="Test" time="0.312" errors="0" timestamp="2022-08-01T15:58:55 IST">
  <testcase classname="com.ArrayTest.b" name="b1" time="0.074"/>
  <testcase classname="com.ArrayTest.b" name="b2" time="0.003"/>
  <testcase classname="com.ArrayTest.a" name="a1" time="0.005"/>
  <testcase classname="com.ArrayTest.a" name="a2" time="0.004"/>
  <testcase classname="com.sdet34L1.genericUtility.BaseClass" name="@BeforeSuite beforesuite1Test" time="0.0">
    <ignored/>
  </testcase> <!-- @BeforeSuite beforesuite1Test -->
</testsuite> <!-- Test -->
