<?xml version="1.0" encoding="UTF-8"?>
<testng-results ignored="0" total="1" passed="1" failed="0" skipped="0">
  <reporter-output>
  </reporter-output>
  <suite started-at="2022-09-10T19:56:43 IST" name="Default suite" finished-at="2022-09-10T19:56:54 IST" duration-ms="11202">
    <groups>
    </groups>
    <test started-at="2022-09-10T19:56:43 IST" name="Default test" finished-at="2022-09-10T19:56:54 IST" duration-ms="11202">
      <class name="com.Goibibo.GoibiboDate">
        <test-method is-config="true" signature="browserSetup()[pri:0, instance:com.Goibibo.GoibiboDate@289778cd]" started-at="2022-09-10T19:56:43 IST" name="browserSetup" finished-at="2022-09-10T19:56:50 IST" duration-ms="6838" status="PASS">
          <reporter-output>
          </reporter-output>
        </test-method> <!-- browserSetup -->
        <test-method signature="demo()[pri:0, instance:com.Goibibo.GoibiboDate@289778cd]" started-at="2022-09-10T19:56:50 IST" name="demo" finished-at="2022-09-10T19:56:54 IST" duration-ms="3994" status="PASS">
          <reporter-output>
          </reporter-output>
        </test-method> <!-- demo -->
      </class> <!-- com.Goibibo.GoibiboDate -->
    </test> <!-- Default test -->
  </suite> <!-- Default suite -->
</testng-results>
